<?xml version="1.0" encoding="UTF-8"?>
<beans xmlns="http://www.springframework.org/schema/beans"
	xmlns:xsi="http://www.w3.org/2001/XMLSchema-instance" xmlns:jdbc="http://www.springframework.org/schema/jdbc"
	xmlns:context="http://www.springframework.org/schema/context"
	xmlns:data="http://www.springframework.org/schema/data/jpa" xmlns:tx="http://www.springframework.org/schema/tx"
	xmlns:security="http://www.springframework.org/schema/security"
	xmlns:util="http://www.springframework.org/schema/util"
	xsi:schemaLocation="http://www.springframework.org/schema/beans
	http://www.springframework.org/schema/beans/spring-beans-4.0.xsd
	http://www.springframework.org/schema/context 
    http://www.springframework.org/schema/context/spring-context-4.0.xsd
	http://www.springframework.org/schema/jdbc 
    http://www.springframework.org/schema/jdbc/spring-jdbc-4.0.xsd
    http://www.springframework.org/schema/tx
    http://www.springframework.org/schema/tx/spring-tx-4.0.xsd
    http://www.springframework.org/schema/security
    http://www.springframework.org/schema/security/spring-security-3.2.xsd
    http://www.springframework.org/schema/data/jpa
    http://www.springframework.org/schema/data/jpa/spring-jpa.xsd
    http://www.springframework.org/schema/utils
    http://www.springframework.org/schema/util/spring-util.xsd"
	default-lazy-init="true">

		
		
		
<!-- 		<bean id="entityManagerFactory" -->
<!-- 		class="org.springframework.orm.jpa.LocalContainerEntityManagerFactoryBean"> -->
<!-- 			<property name="jpaVendorAdapter" ref="jpaDbAdapter" /> -->
<!-- 			<property name="dataSource" ref="dataSource" /> -->
<!-- 			<property name="packagesToScan" value="com.allianz.strobelight.model.persistence,com.allianz.amos.paas.cbb.model.persistence"/> -->
<!-- 		</bean> -->
<!-- 		<bean id="transactionManager" class="org.springframework.orm.jpa.JpaTransactionManager"> -->
<!-- 		<property name="entityManagerFactory" ref="entityManagerFactory" /> -->
<!-- 		</bean> -->
<!-- 		<bean id="jpaDbAdapter" -->
<!-- 			class="org.springframework.orm.jpa.vendor.HibernateJpaVendorAdapter"> -->
<!-- 			<property name="generateDdl" value="true" /> -->
<!-- 			<property name="database" value="HSQL" /> -->
<!-- 		</bean> -->
<!-- 		<jdbc:embedded-database id="dataSource" type="HSQL"> -->
<!-- 			<jdbc:script location="classpath:configuration/schema.sql" /> -->
<!-- 		</jdbc:embedded-database> -->
<!-- 		<bean class="org.springframework.web.client.RestTemplate" id="restTemplate" /> -->
			
</beans>
            
